Analysis & Synthesis report for COUNTER
Mon Nov 26 18:49:06 2018
Quartus II 64-Bit Version 13.1.0 Build 162 10/23/2013 SJ Full Version


---------------------
; Table of Contents ;
---------------------
  1. Legal Notice
  2. Analysis & Synthesis Summary
  3. Analysis & Synthesis Settings
  4. Parallel Compilation
  5. Analysis & Synthesis Source Files Read
  6. Analysis & Synthesis Resource Usage Summary
  7. Analysis & Synthesis Resource Utilization by Entity
  8. General Register Statistics
  9. Elapsed Time Per Partition
 10. Analysis & Synthesis Messages



----------------
; Legal Notice ;
----------------
Copyright (C) 1991-2013 Altera Corporation
Your use of Altera Corporation's design tools, logic functions 
and other software and tools, and its AMPP partner logic 
functions, and any output files from any of the foregoing 
(including device programming or simulation files), and any 
associated documentation or information are expressly subject 
to the terms and conditions of the Altera Program License 
Subscription Agreement, Altera MegaCore Function License 
Agreement, or other applicable license agreement, including, 
without limitation, that your use is for the sole purpose of 
programming logic devices manufactured by Altera and sold by 
Altera or its authorized distributors.  Please refer to the 
applicable agreement for further details.



+----------------------------------------------------------------------------------+
; Analysis & Synthesis Summary                                                     ;
+------------------------------------+---------------------------------------------+
; Analysis & Synthesis Status        ; Successful - Mon Nov 26 18:49:06 2018       ;
; Quartus II 64-Bit Version          ; 13.1.0 Build 162 10/23/2013 SJ Full Version ;
; Revision Name                      ; COUNTER                                     ;
; Top-level Entity Name              ; CNT10                                       ;
; Family                             ; Cyclone III                                 ;
; Total logic elements               ; 62                                          ;
;     Total combinational functions  ; 38                                          ;
;     Dedicated logic registers      ; 48                                          ;
; Total registers                    ; 48                                          ;
; Total pins                         ; 28                                          ;
; Total virtual pins                 ; 0                                           ;
; Total memory bits                  ; 0                                           ;
; Embedded Multiplier 9-bit elements ; 0                                           ;
; Total PLLs                         ; 0                                           ;
+------------------------------------+---------------------------------------------+


+----------------------------------------------------------------------------------------------------------------------+
; Analysis & Synthesis Settings                                                                                        ;
+----------------------------------------------------------------------------+--------------------+--------------------+
; Option                                                                     ; Setting            ; Default Value      ;
+----------------------------------------------------------------------------+--------------------+--------------------+
; Device                                                                     ; EP3C16F484C6       ;                    ;
; Top-level entity name                                                      ; CNT10              ; COUNTER            ;
; Family name                                                                ; Cyclone III        ; Cyclone IV GX      ;
; Use smart compilation                                                      ; Off                ; Off                ;
; Enable parallel Assembler and TimeQuest Timing Analyzer during compilation ; On                 ; On                 ;
; Enable compact report table                                                ; Off                ; Off                ;
; Restructure Multiplexers                                                   ; Auto               ; Auto               ;
; Create Debugging Nodes for IP Cores                                        ; Off                ; Off                ;
; Preserve fewer node names                                                  ; On                 ; On                 ;
; Disable OpenCore Plus hardware evaluation                                  ; Off                ; Off                ;
; Verilog Version                                                            ; Verilog_2001       ; Verilog_2001       ;
; VHDL Version                                                               ; VHDL_1993          ; VHDL_1993          ;
; State Machine Processing                                                   ; Auto               ; Auto               ;
; Safe State Machine                                                         ; Off                ; Off                ;
; Extract Verilog State Machines                                             ; On                 ; On                 ;
; Extract VHDL State Machines                                                ; On                 ; On                 ;
; Ignore Verilog initial constructs                                          ; Off                ; Off                ;
; Iteration limit for constant Verilog loops                                 ; 5000               ; 5000               ;
; Iteration limit for non-constant Verilog loops                             ; 250                ; 250                ;
; Add Pass-Through Logic to Inferred RAMs                                    ; On                 ; On                 ;
; Infer RAMs from Raw Logic                                                  ; On                 ; On                 ;
; Parallel Synthesis                                                         ; On                 ; On                 ;
; DSP Block Balancing                                                        ; Auto               ; Auto               ;
; NOT Gate Push-Back                                                         ; On                 ; On                 ;
; Power-Up Don't Care                                                        ; On                 ; On                 ;
; Remove Redundant Logic Cells                                               ; Off                ; Off                ;
; Remove Duplicate Registers                                                 ; On                 ; On                 ;
; Ignore CARRY Buffers                                                       ; Off                ; Off                ;
; Ignore CASCADE Buffers                                                     ; Off                ; Off                ;
; Ignore GLOBAL Buffers                                                      ; Off                ; Off                ;
; Ignore ROW GLOBAL Buffers                                                  ; Off                ; Off                ;
; Ignore LCELL Buffers                                                       ; Off                ; Off                ;
; Ignore SOFT Buffers                                                        ; On                 ; On                 ;
; Limit AHDL Integers to 32 Bits                                             ; Off                ; Off                ;
; Optimization Technique                                                     ; Balanced           ; Balanced           ;
; Carry Chain Length                                                         ; 70                 ; 70                 ;
; Auto Carry Chains                                                          ; On                 ; On                 ;
; Auto Open-Drain Pins                                                       ; On                 ; On                 ;
; Perform WYSIWYG Primitive Resynthesis                                      ; Off                ; Off                ;
; Auto ROM Replacement                                                       ; On                 ; On                 ;
; Auto RAM Replacement                                                       ; On                 ; On                 ;
; Auto DSP Block Replacement                                                 ; On                 ; On                 ;
; Auto Shift Register Replacement                                            ; Auto               ; Auto               ;
; Allow Shift Register Merging across Hierarchies                            ; Auto               ; Auto               ;
; Auto Clock Enable Replacement                                              ; On                 ; On                 ;
; Strict RAM Replacement                                                     ; Off                ; Off                ;
; Allow Synchronous Control Signals                                          ; On                 ; On                 ;
; Force Use of Synchronous Clear Signals                                     ; Off                ; Off                ;
; Auto RAM Block Balancing                                                   ; On                 ; On                 ;
; Auto RAM to Logic Cell Conversion                                          ; Off                ; Off                ;
; Auto Resource Sharing                                                      ; Off                ; Off                ;
; Allow Any RAM Size For Recognition                                         ; Off                ; Off                ;
; Allow Any ROM Size For Recognition                                         ; Off                ; Off                ;
; Allow Any Shift Register Size For Recognition                              ; Off                ; Off                ;
; Use LogicLock Constraints during Resource Balancing                        ; On                 ; On                 ;
; Ignore translate_off and synthesis_off directives                          ; Off                ; Off                ;
; Timing-Driven Synthesis                                                    ; On                 ; On                 ;
; Report Parameter Settings                                                  ; On                 ; On                 ;
; Report Source Assignments                                                  ; On                 ; On                 ;
; Report Connectivity Checks                                                 ; On                 ; On                 ;
; Ignore Maximum Fan-Out Assignments                                         ; Off                ; Off                ;
; Synchronization Register Chain Length                                      ; 2                  ; 2                  ;
; PowerPlay Power Optimization                                               ; Normal compilation ; Normal compilation ;
; HDL message level                                                          ; Level2             ; Level2             ;
; Suppress Register Optimization Related Messages                            ; Off                ; Off                ;
; Number of Removed Registers Reported in Synthesis Report                   ; 5000               ; 5000               ;
; Number of Swept Nodes Reported in Synthesis Report                         ; 5000               ; 5000               ;
; Number of Inverted Registers Reported in Synthesis Report                  ; 100                ; 100                ;
; Clock MUX Protection                                                       ; On                 ; On                 ;
; Auto Gated Clock Conversion                                                ; Off                ; Off                ;
; Block Design Naming                                                        ; Auto               ; Auto               ;
; SDC constraint protection                                                  ; Off                ; Off                ;
; Synthesis Effort                                                           ; Auto               ; Auto               ;
; Shift Register Replacement - Allow Asynchronous Clear Signal               ; On                 ; On                 ;
; Pre-Mapping Resynthesis Optimization                                       ; Off                ; Off                ;
; Analysis & Synthesis Message Level                                         ; Medium             ; Medium             ;
; Disable Register Merging Across Hierarchies                                ; Auto               ; Auto               ;
; Resource Aware Inference For Block RAM                                     ; On                 ; On                 ;
; Synthesis Seed                                                             ; 1                  ; 1                  ;
+----------------------------------------------------------------------------+--------------------+--------------------+


+------------------------------------------+
; Parallel Compilation                     ;
+----------------------------+-------------+
; Processors                 ; Number      ;
+----------------------------+-------------+
; Number detected on machine ; 4           ;
; Maximum allowed            ; 4           ;
;                            ;             ;
; Average used               ; 1.00        ;
; Maximum used               ; 4           ;
;                            ;             ;
; Usage by Processor         ; % Time Used ;
;     Processor 1            ; 100.0%      ;
;     Processors 2-4         ; < 0.1%      ;
+----------------------------+-------------+


+-----------------------------------------------------------------------------------------------------------------------------------------------------------------+
; Analysis & Synthesis Source Files Read                                                                                                                          ;
+----------------------------------+-----------------+------------------------------------+-------------------------------------------------------------+---------+
; File Name with User-Entered Path ; Used in Netlist ; File Type                          ; File Name with Absolute Path                                ; Library ;
+----------------------------------+-----------------+------------------------------------+-------------------------------------------------------------+---------+
; COUNTER.bdf                      ; yes             ; User Block Diagram/Schematic File  ; D:/LAB/COUNTER.bdf                                          ;         ;
; CNT10.bdf                        ; yes             ; User Block Diagram/Schematic File  ; D:/LAB/CNT10.bdf                                            ;         ;
; 74374b.bdf                       ; yes             ; Megafunction                       ; c:/altera/13.1/quartus/libraries/others/maxplus2/74374b.bdf ;         ;
; 74390.bdf                        ; yes             ; Megafunction                       ; c:/altera/13.1/quartus/libraries/others/maxplus2/74390.bdf  ;         ;
+----------------------------------+-----------------+------------------------------------+-------------------------------------------------------------+---------+


+----------------------------------------------------------+
; Analysis & Synthesis Resource Usage Summary              ;
+---------------------------------------------+------------+
; Resource                                    ; Usage      ;
+---------------------------------------------+------------+
; Estimated Total logic elements              ; 62         ;
;                                             ;            ;
; Total combinational functions               ; 38         ;
; Logic element usage by number of LUT inputs ;            ;
;     -- 4 input functions                    ; 5          ;
;     -- 3 input functions                    ; 8          ;
;     -- <=2 input functions                  ; 25         ;
;                                             ;            ;
; Logic elements by mode                      ;            ;
;     -- normal mode                          ; 38         ;
;     -- arithmetic mode                      ; 0          ;
;                                             ;            ;
; Total registers                             ; 48         ;
;     -- Dedicated logic registers            ; 48         ;
;     -- I/O registers                        ; 0          ;
;                                             ;            ;
; I/O pins                                    ; 28         ;
; Embedded Multiplier 9-bit elements          ; 0          ;
; Maximum fan-out node                        ; LOCK~input ;
; Maximum fan-out                             ; 24         ;
; Total fan-out                               ; 248        ;
; Average fan-out                             ; 1.75       ;
+---------------------------------------------+------------+


+-----------------------------------------------------------------------------------------------------------------------------------------------------------------------------------------+
; Analysis & Synthesis Resource Utilization by Entity                                                                                                                                     ;
+----------------------------+-------------------+--------------+-------------+--------------+---------+-----------+------+--------------+---------------------------------+--------------+
; Compilation Hierarchy Node ; LC Combinationals ; LC Registers ; Memory Bits ; DSP Elements ; DSP 9x9 ; DSP 18x18 ; Pins ; Virtual Pins ; Full Hierarchy Name             ; Library Name ;
+----------------------------+-------------------+--------------+-------------+--------------+---------+-----------+------+--------------+---------------------------------+--------------+
; |CNT10                     ; 38 (0)            ; 48 (0)       ; 0           ; 0            ; 0       ; 0         ; 28   ; 0            ; |CNT10                          ; work         ;
;    |74374b:inst7|          ; 0 (0)             ; 8 (8)        ; 0           ; 0            ; 0       ; 0         ; 0    ; 0            ; |CNT10|74374b:inst7             ; work         ;
;    |74374b:inst8|          ; 0 (0)             ; 8 (8)        ; 0           ; 0            ; 0       ; 0         ; 0    ; 0            ; |CNT10|74374b:inst8             ; work         ;
;    |74374b:inst9|          ; 0 (0)             ; 8 (8)        ; 0           ; 0            ; 0       ; 0         ; 0    ; 0            ; |CNT10|74374b:inst9             ; work         ;
;    |COUNTER:inst1|         ; 12 (2)            ; 8 (0)        ; 0           ; 0            ; 0       ; 0         ; 0    ; 0            ; |CNT10|COUNTER:inst1            ; work         ;
;       |74390:inst|         ; 10 (10)           ; 8 (8)        ; 0           ; 0            ; 0       ; 0         ; 0    ; 0            ; |CNT10|COUNTER:inst1|74390:inst ; work         ;
;    |COUNTER:inst2|         ; 13 (3)            ; 8 (0)        ; 0           ; 0            ; 0       ; 0         ; 0    ; 0            ; |CNT10|COUNTER:inst2            ; work         ;
;       |74390:inst|         ; 10 (10)           ; 8 (8)        ; 0           ; 0            ; 0       ; 0         ; 0    ; 0            ; |CNT10|COUNTER:inst2|74390:inst ; work         ;
;    |COUNTER:inst|          ; 13 (3)            ; 8 (0)        ; 0           ; 0            ; 0       ; 0         ; 0    ; 0            ; |CNT10|COUNTER:inst             ; work         ;
;       |74390:inst|         ; 10 (10)           ; 8 (8)        ; 0           ; 0            ; 0       ; 0         ; 0    ; 0            ; |CNT10|COUNTER:inst|74390:inst  ; work         ;
+----------------------------+-------------------+--------------+-------------+--------------+---------+-----------+------+--------------+---------------------------------+--------------+
Note: For table entries with two numbers listed, the numbers in parentheses indicate the number of resources of the given type used by the specific entity alone. The numbers listed outside of parentheses indicate the total resources of the given type used by the specific entity and all of its sub-entities in the hierarchy.


+------------------------------------------------------+
; General Register Statistics                          ;
+----------------------------------------------+-------+
; Statistic                                    ; Value ;
+----------------------------------------------+-------+
; Total registers                              ; 48    ;
; Number of registers using Synchronous Clear  ; 0     ;
; Number of registers using Synchronous Load   ; 0     ;
; Number of registers using Asynchronous Clear ; 24    ;
; Number of registers using Asynchronous Load  ; 0     ;
; Number of registers using Clock Enable       ; 0     ;
; Number of registers using Preset             ; 0     ;
+----------------------------------------------+-------+


+-------------------------------+
; Elapsed Time Per Partition    ;
+----------------+--------------+
; Partition Name ; Elapsed Time ;
+----------------+--------------+
; Top            ; 00:00:00     ;
+----------------+--------------+


+-------------------------------+
; Analysis & Synthesis Messages ;
+-------------------------------+
Info: *******************************************************************
Info: Running Quartus II 64-Bit Analysis & Synthesis
    Info: Version 13.1.0 Build 162 10/23/2013 SJ Full Version
    Info: Processing started: Mon Nov 26 18:49:05 2018
Info: Command: quartus_map --read_settings_files=on --write_settings_files=off COUNTER -c COUNTER
Info (20030): Parallel compilation is enabled and will use 4 of the 4 processors detected
Info (12021): Found 1 design units, including 1 entities, in source file counter.bdf
    Info (12023): Found entity 1: COUNTER
Info (12021): Found 1 design units, including 1 entities, in source file cnt10.bdf
    Info (12023): Found entity 1: CNT10
Info (12127): Elaborating entity "CNT10" for the top level hierarchy
Info (12128): Elaborating entity "74374b" for hierarchy "74374b:inst7"
Info (12130): Elaborated megafunction instantiation "74374b:inst7"
Info (12128): Elaborating entity "COUNTER" for hierarchy "COUNTER:inst"
Info (12128): Elaborating entity "74390" for hierarchy "COUNTER:inst|74390:inst"
Info (12130): Elaborated megafunction instantiation "COUNTER:inst|74390:inst"
Warning (13044): Always-enabled tri-state buffer(s) removed
    Warning (13045): Converted the fanout from the always-enabled tri-state buffer "74374b:inst7|49" to the node "Q[23]" into a wire
    Warning (13045): Converted the fanout from the always-enabled tri-state buffer "74374b:inst7|48" to the node "Q[22]" into a wire
    Warning (13045): Converted the fanout from the always-enabled tri-state buffer "74374b:inst7|47" to the node "Q[21]" into a wire
    Warning (13045): Converted the fanout from the always-enabled tri-state buffer "74374b:inst7|46" to the node "Q[20]" into a wire
    Warning (13045): Converted the fanout from the always-enabled tri-state buffer "74374b:inst7|45" to the node "Q[19]" into a wire
    Warning (13045): Converted the fanout from the always-enabled tri-state buffer "74374b:inst7|44" to the node "Q[18]" into a wire
    Warning (13045): Converted the fanout from the always-enabled tri-state buffer "74374b:inst7|43" to the node "Q[17]" into a wire
    Warning (13045): Converted the fanout from the always-enabled tri-state buffer "74374b:inst7|41" to the node "Q[16]" into a wire
    Warning (13045): Converted the fanout from the always-enabled tri-state buffer "74374b:inst8|49" to the node "Q[15]" into a wire
    Warning (13045): Converted the fanout from the always-enabled tri-state buffer "74374b:inst8|48" to the node "Q[14]" into a wire
    Warning (13045): Converted the fanout from the always-enabled tri-state buffer "74374b:inst8|47" to the node "Q[13]" into a wire
    Warning (13045): Converted the fanout from the always-enabled tri-state buffer "74374b:inst8|46" to the node "Q[12]" into a wire
    Warning (13045): Converted the fanout from the always-enabled tri-state buffer "74374b:inst8|45" to the node "Q[11]" into a wire
    Warning (13045): Converted the fanout from the always-enabled tri-state buffer "74374b:inst8|44" to the node "Q[10]" into a wire
    Warning (13045): Converted the fanout from the always-enabled tri-state buffer "74374b:inst8|43" to the node "Q[9]" into a wire
    Warning (13045): Converted the fanout from the always-enabled tri-state buffer "74374b:inst8|41" to the node "Q[8]" into a wire
    Warning (13045): Converted the fanout from the always-enabled tri-state buffer "74374b:inst9|49" to the node "Q[7]" into a wire
    Warning (13045): Converted the fanout from the always-enabled tri-state buffer "74374b:inst9|48" to the node "Q[6]" into a wire
    Warning (13045): Converted the fanout from the always-enabled tri-state buffer "74374b:inst9|47" to the node "Q[5]" into a wire
    Warning (13045): Converted the fanout from the always-enabled tri-state buffer "74374b:inst9|46" to the node "Q[4]" into a wire
    Warning (13045): Converted the fanout from the always-enabled tri-state buffer "74374b:inst9|45" to the node "Q[3]" into a wire
    Warning (13045): Converted the fanout from the always-enabled tri-state buffer "74374b:inst9|44" to the node "Q[2]" into a wire
    Warning (13045): Converted the fanout from the always-enabled tri-state buffer "74374b:inst9|43" to the node "Q[1]" into a wire
    Warning (13045): Converted the fanout from the always-enabled tri-state buffer "74374b:inst9|41" to the node "Q[0]" into a wire
Info (286030): Timing-Driven Synthesis is running
Info (16010): Generating hard_block partition "hard_block:auto_generated_inst"
    Info (16011): Adding 0 node(s), including 0 DDIO, 0 PLL, 0 transceiver and 0 LCELL
Info (21057): Implemented 90 device resources after synthesis - the final resource count might be different
    Info (21058): Implemented 4 input pins
    Info (21059): Implemented 24 output pins
    Info (21061): Implemented 62 logic cells
Info: Quartus II 64-Bit Analysis & Synthesis was successful. 0 errors, 25 warnings
    Info: Peak virtual memory: 578 megabytes
    Info: Processing ended: Mon Nov 26 18:49:06 2018
    Info: Elapsed time: 00:00:01
    Info: Total CPU time (on all processors): 00:00:01


