Analysis & Synthesis report for RAMROM
Thu Nov 29 10:30:55 2018
Quartus II 64-Bit Version 13.1.0 Build 162 10/23/2013 SJ Full Version


---------------------
; Table of Contents ;
---------------------
  1. Legal Notice
  2. Analysis & Synthesis Summary
  3. Analysis & Synthesis Settings
  4. Parallel Compilation
  5. Analysis & Synthesis Source Files Read
  6. Analysis & Synthesis Resource Usage Summary
  7. Analysis & Synthesis Resource Utilization by Entity
  8. Analysis & Synthesis RAM Summary
  9. Analysis & Synthesis IP Cores Summary
 10. General Register Statistics
 11. Source assignments for FIFO2P:inst|scfifo:scfifo_component|scfifo_dl71:auto_generated|a_dpfifo_kr71:dpfifo|dpram_4p51:FIFOram|altsyncram_erl1:altsyncram1
 12. Parameter Settings for User Entity Instance: FIFO2P:inst|scfifo:scfifo_component
 13. scfifo Parameter Settings by Entity Instance
 14. Elapsed Time Per Partition
 15. Analysis & Synthesis Messages



----------------
; Legal Notice ;
----------------
Copyright (C) 1991-2013 Altera Corporation
Your use of Altera Corporation's design tools, logic functions 
and other software and tools, and its AMPP partner logic 
functions, and any output files from any of the foregoing 
(including device programming or simulation files), and any 
associated documentation or information are expressly subject 
to the terms and conditions of the Altera Program License 
Subscription Agreement, Altera MegaCore Function License 
Agreement, or other applicable license agreement, including, 
without limitation, that your use is for the sole purpose of 
programming logic devices manufactured by Altera and sold by 
Altera or its authorized distributors.  Please refer to the 
applicable agreement for further details.



+----------------------------------------------------------------------------------+
; Analysis & Synthesis Summary                                                     ;
+------------------------------------+---------------------------------------------+
; Analysis & Synthesis Status        ; Successful - Thu Nov 29 10:30:55 2018       ;
; Quartus II 64-Bit Version          ; 13.1.0 Build 162 10/23/2013 SJ Full Version ;
; Revision Name                      ; RAMROM                                      ;
; Top-level Entity Name              ; FIFO                                        ;
; Family                             ; Cyclone III                                 ;
; Total logic elements               ; 35                                          ;
;     Total combinational functions  ; 35                                          ;
;     Dedicated logic registers      ; 26                                          ;
; Total registers                    ; 26                                          ;
; Total pins                         ; 27                                          ;
; Total virtual pins                 ; 0                                           ;
; Total memory bits                  ; 2,048                                       ;
; Embedded Multiplier 9-bit elements ; 0                                           ;
; Total PLLs                         ; 0                                           ;
+------------------------------------+---------------------------------------------+


+----------------------------------------------------------------------------------------------------------------------+
; Analysis & Synthesis Settings                                                                                        ;
+----------------------------------------------------------------------------+--------------------+--------------------+
; Option                                                                     ; Setting            ; Default Value      ;
+----------------------------------------------------------------------------+--------------------+--------------------+
; Device                                                                     ; EP3C16F484C6       ;                    ;
; Top-level entity name                                                      ; FIFO               ; RAMROM             ;
; Family name                                                                ; Cyclone III        ; Cyclone IV GX      ;
; Use smart compilation                                                      ; Off                ; Off                ;
; Enable parallel Assembler and TimeQuest Timing Analyzer during compilation ; On                 ; On                 ;
; Enable compact report table                                                ; Off                ; Off                ;
; Restructure Multiplexers                                                   ; Auto               ; Auto               ;
; Create Debugging Nodes for IP Cores                                        ; Off                ; Off                ;
; Preserve fewer node names                                                  ; On                 ; On                 ;
; Disable OpenCore Plus hardware evaluation                                  ; Off                ; Off                ;
; Verilog Version                                                            ; Verilog_2001       ; Verilog_2001       ;
; VHDL Version                                                               ; VHDL_1993          ; VHDL_1993          ;
; State Machine Processing                                                   ; Auto               ; Auto               ;
; Safe State Machine                                                         ; Off                ; Off                ;
; Extract Verilog State Machines                                             ; On                 ; On                 ;
; Extract VHDL State Machines                                                ; On                 ; On                 ;
; Ignore Verilog initial constructs                                          ; Off                ; Off                ;
; Iteration limit for constant Verilog loops                                 ; 5000               ; 5000               ;
; Iteration limit for non-constant Verilog loops                             ; 250                ; 250                ;
; Add Pass-Through Logic to Inferred RAMs                                    ; On                 ; On                 ;
; Infer RAMs from Raw Logic                                                  ; On                 ; On                 ;
; Parallel Synthesis                                                         ; On                 ; On                 ;
; DSP Block Balancing                                                        ; Auto               ; Auto               ;
; NOT Gate Push-Back                                                         ; On                 ; On                 ;
; Power-Up Don't Care                                                        ; On                 ; On                 ;
; Remove Redundant Logic Cells                                               ; Off                ; Off                ;
; Remove Duplicate Registers                                                 ; On                 ; On                 ;
; Ignore CARRY Buffers                                                       ; Off                ; Off                ;
; Ignore CASCADE Buffers                                                     ; Off                ; Off                ;
; Ignore GLOBAL Buffers                                                      ; Off                ; Off                ;
; Ignore ROW GLOBAL Buffers                                                  ; Off                ; Off                ;
; Ignore LCELL Buffers                                                       ; Off                ; Off                ;
; Ignore SOFT Buffers                                                        ; On                 ; On                 ;
; Limit AHDL Integers to 32 Bits                                             ; Off                ; Off                ;
; Optimization Technique                                                     ; Balanced           ; Balanced           ;
; Carry Chain Length                                                         ; 70                 ; 70                 ;
; Auto Carry Chains                                                          ; On                 ; On                 ;
; Auto Open-Drain Pins                                                       ; On                 ; On                 ;
; Perform WYSIWYG Primitive Resynthesis                                      ; Off                ; Off                ;
; Auto ROM Replacement                                                       ; On                 ; On                 ;
; Auto RAM Replacement                                                       ; On                 ; On                 ;
; Auto DSP Block Replacement                                                 ; On                 ; On                 ;
; Auto Shift Register Replacement                                            ; Auto               ; Auto               ;
; Allow Shift Register Merging across Hierarchies                            ; Auto               ; Auto               ;
; Auto Clock Enable Replacement                                              ; On                 ; On                 ;
; Strict RAM Replacement                                                     ; Off                ; Off                ;
; Allow Synchronous Control Signals                                          ; On                 ; On                 ;
; Force Use of Synchronous Clear Signals                                     ; Off                ; Off                ;
; Auto RAM Block Balancing                                                   ; On                 ; On                 ;
; Auto RAM to Logic Cell Conversion                                          ; Off                ; Off                ;
; Auto Resource Sharing                                                      ; Off                ; Off                ;
; Allow Any RAM Size For Recognition                                         ; Off                ; Off                ;
; Allow Any ROM Size For Recognition                                         ; Off                ; Off                ;
; Allow Any Shift Register Size For Recognition                              ; Off                ; Off                ;
; Use LogicLock Constraints during Resource Balancing                        ; On                 ; On                 ;
; Ignore translate_off and synthesis_off directives                          ; Off                ; Off                ;
; Timing-Driven Synthesis                                                    ; On                 ; On                 ;
; Report Parameter Settings                                                  ; On                 ; On                 ;
; Report Source Assignments                                                  ; On                 ; On                 ;
; Report Connectivity Checks                                                 ; On                 ; On                 ;
; Ignore Maximum Fan-Out Assignments                                         ; Off                ; Off                ;
; Synchronization Register Chain Length                                      ; 2                  ; 2                  ;
; PowerPlay Power Optimization                                               ; Normal compilation ; Normal compilation ;
; HDL message level                                                          ; Level2             ; Level2             ;
; Suppress Register Optimization Related Messages                            ; Off                ; Off                ;
; Number of Removed Registers Reported in Synthesis Report                   ; 5000               ; 5000               ;
; Number of Swept Nodes Reported in Synthesis Report                         ; 5000               ; 5000               ;
; Number of Inverted Registers Reported in Synthesis Report                  ; 100                ; 100                ;
; Clock MUX Protection                                                       ; On                 ; On                 ;
; Auto Gated Clock Conversion                                                ; Off                ; Off                ;
; Block Design Naming                                                        ; Auto               ; Auto               ;
; SDC constraint protection                                                  ; Off                ; Off                ;
; Synthesis Effort                                                           ; Auto               ; Auto               ;
; Shift Register Replacement - Allow Asynchronous Clear Signal               ; On                 ; On                 ;
; Pre-Mapping Resynthesis Optimization                                       ; Off                ; Off                ;
; Analysis & Synthesis Message Level                                         ; Medium             ; Medium             ;
; Disable Register Merging Across Hierarchies                                ; Auto               ; Auto               ;
; Resource Aware Inference For Block RAM                                     ; On                 ; On                 ;
; Synthesis Seed                                                             ; 1                  ; 1                  ;
+----------------------------------------------------------------------------+--------------------+--------------------+


+------------------------------------------+
; Parallel Compilation                     ;
+----------------------------+-------------+
; Processors                 ; Number      ;
+----------------------------+-------------+
; Number detected on machine ; 4           ;
; Maximum allowed            ; 4           ;
;                            ;             ;
; Average used               ; 1.00        ;
; Maximum used               ; 2           ;
;                            ;             ;
; Usage by Processor         ; % Time Used ;
;     Processor 1            ; 100.0%      ;
;     Processor 2            ; < 0.1%      ;
;     Processors 3-4         ;   0.0%      ;
+----------------------------+-------------+


+-------------------------------------------------------------------------------------------------------------------------------------------------------------------+
; Analysis & Synthesis Source Files Read                                                                                                                            ;
+----------------------------------+-----------------+------------------------------------+---------------------------------------------------------------+---------+
; File Name with User-Entered Path ; Used in Netlist ; File Type                          ; File Name with Absolute Path                                  ; Library ;
+----------------------------------+-----------------+------------------------------------+---------------------------------------------------------------+---------+
; FIFO.bdf                         ; yes             ; User Block Diagram/Schematic File  ; D:/RAMROM/FIFO.bdf                                            ;         ;
; FIFO2P.vhd                       ; yes             ; User Wizard-Generated File         ; D:/RAMROM/FIFO2P.vhd                                          ;         ;
; scfifo.tdf                       ; yes             ; Megafunction                       ; c:/altera/13.1/quartus/libraries/megafunctions/scfifo.tdf     ;         ;
; a_regfifo.inc                    ; yes             ; Megafunction                       ; c:/altera/13.1/quartus/libraries/megafunctions/a_regfifo.inc  ;         ;
; a_dpfifo.inc                     ; yes             ; Megafunction                       ; c:/altera/13.1/quartus/libraries/megafunctions/a_dpfifo.inc   ;         ;
; a_i2fifo.inc                     ; yes             ; Megafunction                       ; c:/altera/13.1/quartus/libraries/megafunctions/a_i2fifo.inc   ;         ;
; a_fffifo.inc                     ; yes             ; Megafunction                       ; c:/altera/13.1/quartus/libraries/megafunctions/a_fffifo.inc   ;         ;
; a_f2fifo.inc                     ; yes             ; Megafunction                       ; c:/altera/13.1/quartus/libraries/megafunctions/a_f2fifo.inc   ;         ;
; aglobal131.inc                   ; yes             ; Megafunction                       ; c:/altera/13.1/quartus/libraries/megafunctions/aglobal131.inc ;         ;
; db/scfifo_dl71.tdf               ; yes             ; Auto-Generated Megafunction        ; D:/RAMROM/db/scfifo_dl71.tdf                                  ;         ;
; db/a_dpfifo_kr71.tdf             ; yes             ; Auto-Generated Megafunction        ; D:/RAMROM/db/a_dpfifo_kr71.tdf                                ;         ;
; db/a_fefifo_08f.tdf              ; yes             ; Auto-Generated Megafunction        ; D:/RAMROM/db/a_fefifo_08f.tdf                                 ;         ;
; db/cntr_6n7.tdf                  ; yes             ; Auto-Generated Megafunction        ; D:/RAMROM/db/cntr_6n7.tdf                                     ;         ;
; db/dpram_4p51.tdf                ; yes             ; Auto-Generated Megafunction        ; D:/RAMROM/db/dpram_4p51.tdf                                   ;         ;
; db/altsyncram_erl1.tdf           ; yes             ; Auto-Generated Megafunction        ; D:/RAMROM/db/altsyncram_erl1.tdf                              ;         ;
; db/cntr_qmb.tdf                  ; yes             ; Auto-Generated Megafunction        ; D:/RAMROM/db/cntr_qmb.tdf                                     ;         ;
+----------------------------------+-----------------+------------------------------------+---------------------------------------------------------------+---------+


+---------------------------------------------------------+
; Analysis & Synthesis Resource Usage Summary             ;
+---------------------------------------------+-----------+
; Resource                                    ; Usage     ;
+---------------------------------------------+-----------+
; Estimated Total logic elements              ; 35        ;
;                                             ;           ;
; Total combinational functions               ; 35        ;
; Logic element usage by number of LUT inputs ;           ;
;     -- 4 input functions                    ; 6         ;
;     -- 3 input functions                    ; 9         ;
;     -- <=2 input functions                  ; 20        ;
;                                             ;           ;
; Logic elements by mode                      ;           ;
;     -- normal mode                          ; 14        ;
;     -- arithmetic mode                      ; 21        ;
;                                             ;           ;
; Total registers                             ; 26        ;
;     -- Dedicated logic registers            ; 26        ;
;     -- I/O registers                        ; 0         ;
;                                             ;           ;
; I/O pins                                    ; 27        ;
; Total memory bits                           ; 2048      ;
; Embedded Multiplier 9-bit elements          ; 0         ;
; Maximum fan-out node                        ; CLK~input ;
; Maximum fan-out                             ; 34        ;
; Total fan-out                               ; 393       ;
; Average fan-out                             ; 3.20      ;
+---------------------------------------------+-----------+


+-----------------------------------------------------------------------------------------------------------------------------------------------------------------------------------------------------------------------------------------------------------------------------------------------------------------------+
; Analysis & Synthesis Resource Utilization by Entity                                                                                                                                                                                                                                                                   ;
+-------------------------------------------------+-------------------+--------------+-------------+--------------+---------+-----------+------+--------------+------------------------------------------------------------------------------------------------------------------------------------------+--------------+
; Compilation Hierarchy Node                      ; LC Combinationals ; LC Registers ; Memory Bits ; DSP Elements ; DSP 9x9 ; DSP 18x18 ; Pins ; Virtual Pins ; Full Hierarchy Name                                                                                                                      ; Library Name ;
+-------------------------------------------------+-------------------+--------------+-------------+--------------+---------+-----------+------+--------------+------------------------------------------------------------------------------------------------------------------------------------------+--------------+
; |FIFO                                           ; 35 (0)            ; 26 (0)       ; 2048        ; 0            ; 0       ; 0         ; 27   ; 0            ; |FIFO                                                                                                                                    ; work         ;
;    |FIFO2P:inst|                                ; 35 (0)            ; 26 (0)       ; 2048        ; 0            ; 0       ; 0         ; 0    ; 0            ; |FIFO|FIFO2P:inst                                                                                                                        ; work         ;
;       |scfifo:scfifo_component|                 ; 35 (0)            ; 26 (0)       ; 2048        ; 0            ; 0       ; 0         ; 0    ; 0            ; |FIFO|FIFO2P:inst|scfifo:scfifo_component                                                                                                ; work         ;
;          |scfifo_dl71:auto_generated|           ; 35 (0)            ; 26 (0)       ; 2048        ; 0            ; 0       ; 0         ; 0    ; 0            ; |FIFO|FIFO2P:inst|scfifo:scfifo_component|scfifo_dl71:auto_generated                                                                     ; work         ;
;             |a_dpfifo_kr71:dpfifo|              ; 35 (2)            ; 26 (0)       ; 2048        ; 0            ; 0       ; 0         ; 0    ; 0            ; |FIFO|FIFO2P:inst|scfifo:scfifo_component|scfifo_dl71:auto_generated|a_dpfifo_kr71:dpfifo                                                ; work         ;
;                |a_fefifo_08f:fifo_state|        ; 17 (9)            ; 10 (2)       ; 0           ; 0            ; 0       ; 0         ; 0    ; 0            ; |FIFO|FIFO2P:inst|scfifo:scfifo_component|scfifo_dl71:auto_generated|a_dpfifo_kr71:dpfifo|a_fefifo_08f:fifo_state                        ; work         ;
;                   |cntr_6n7:count_usedw|        ; 8 (8)             ; 8 (8)        ; 0           ; 0            ; 0       ; 0         ; 0    ; 0            ; |FIFO|FIFO2P:inst|scfifo:scfifo_component|scfifo_dl71:auto_generated|a_dpfifo_kr71:dpfifo|a_fefifo_08f:fifo_state|cntr_6n7:count_usedw   ; work         ;
;                |cntr_qmb:rd_ptr_count|          ; 8 (8)             ; 8 (8)        ; 0           ; 0            ; 0       ; 0         ; 0    ; 0            ; |FIFO|FIFO2P:inst|scfifo:scfifo_component|scfifo_dl71:auto_generated|a_dpfifo_kr71:dpfifo|cntr_qmb:rd_ptr_count                          ; work         ;
;                |cntr_qmb:wr_ptr|                ; 8 (8)             ; 8 (8)        ; 0           ; 0            ; 0       ; 0         ; 0    ; 0            ; |FIFO|FIFO2P:inst|scfifo:scfifo_component|scfifo_dl71:auto_generated|a_dpfifo_kr71:dpfifo|cntr_qmb:wr_ptr                                ; work         ;
;                |dpram_4p51:FIFOram|             ; 0 (0)             ; 0 (0)        ; 2048        ; 0            ; 0       ; 0         ; 0    ; 0            ; |FIFO|FIFO2P:inst|scfifo:scfifo_component|scfifo_dl71:auto_generated|a_dpfifo_kr71:dpfifo|dpram_4p51:FIFOram                             ; work         ;
;                   |altsyncram_erl1:altsyncram1| ; 0 (0)             ; 0 (0)        ; 2048        ; 0            ; 0       ; 0         ; 0    ; 0            ; |FIFO|FIFO2P:inst|scfifo:scfifo_component|scfifo_dl71:auto_generated|a_dpfifo_kr71:dpfifo|dpram_4p51:FIFOram|altsyncram_erl1:altsyncram1 ; work         ;
+-------------------------------------------------+-------------------+--------------+-------------+--------------+---------+-----------+------+--------------+------------------------------------------------------------------------------------------------------------------------------------------+--------------+
Note: For table entries with two numbers listed, the numbers in parentheses indicate the number of resources of the given type used by the specific entity alone. The numbers listed outside of parentheses indicate the total resources of the given type used by the specific entity and all of its sub-entities in the hierarchy.


+---------------------------------------------------------------------------------------------------------------------------------------------------------------------------------------------------------------------------------------------------+
; Analysis & Synthesis RAM Summary                                                                                                                                                                                                                  ;
+-----------------------------------------------------------------------------------------------------------------------------------------------+------+------------------+--------------+--------------+--------------+--------------+------+------+
; Name                                                                                                                                          ; Type ; Mode             ; Port A Depth ; Port A Width ; Port B Depth ; Port B Width ; Size ; MIF  ;
+-----------------------------------------------------------------------------------------------------------------------------------------------+------+------------------+--------------+--------------+--------------+--------------+------+------+
; FIFO2P:inst|scfifo:scfifo_component|scfifo_dl71:auto_generated|a_dpfifo_kr71:dpfifo|dpram_4p51:FIFOram|altsyncram_erl1:altsyncram1|ALTSYNCRAM ; M9K  ; Simple Dual Port ; 256          ; 8            ; 256          ; 8            ; 2048 ; None ;
+-----------------------------------------------------------------------------------------------------------------------------------------------+------+------------------+--------------+--------------+--------------+--------------+------+------+


+----------------------------------------------------------------------------------------------------------+
; Analysis & Synthesis IP Cores Summary                                                                    ;
+--------+--------------+---------+--------------+--------------+-------------------+----------------------+
; Vendor ; IP Core Name ; Version ; Release Date ; License Type ; Entity Instance   ; IP Include File      ;
+--------+--------------+---------+--------------+--------------+-------------------+----------------------+
; Altera ; FIFO         ; 13.1    ; N/A          ; N/A          ; |FIFO|FIFO2P:inst ; D:/RAMROM/FIFO2P.vhd ;
+--------+--------------+---------+--------------+--------------+-------------------+----------------------+


+------------------------------------------------------+
; General Register Statistics                          ;
+----------------------------------------------+-------+
; Statistic                                    ; Value ;
+----------------------------------------------+-------+
; Total registers                              ; 26    ;
; Number of registers using Synchronous Clear  ; 0     ;
; Number of registers using Synchronous Load   ; 0     ;
; Number of registers using Asynchronous Clear ; 26    ;
; Number of registers using Asynchronous Load  ; 0     ;
; Number of registers using Clock Enable       ; 24    ;
; Number of registers using Preset             ; 0     ;
+----------------------------------------------+-------+


+-----------------------------------------------------------------------------------------------------------------------------------------------------------+
; Source assignments for FIFO2P:inst|scfifo:scfifo_component|scfifo_dl71:auto_generated|a_dpfifo_kr71:dpfifo|dpram_4p51:FIFOram|altsyncram_erl1:altsyncram1 ;
+---------------------------------+--------------------+------+---------------------------------------------------------------------------------------------+
; Assignment                      ; Value              ; From ; To                                                                                          ;
+---------------------------------+--------------------+------+---------------------------------------------------------------------------------------------+
; OPTIMIZE_POWER_DURING_SYNTHESIS ; NORMAL_COMPILATION ; -    ; -                                                                                           ;
+---------------------------------+--------------------+------+---------------------------------------------------------------------------------------------+


+----------------------------------------------------------------------------------+
; Parameter Settings for User Entity Instance: FIFO2P:inst|scfifo:scfifo_component ;
+-------------------------+-------------+------------------------------------------+
; Parameter Name          ; Value       ; Type                                     ;
+-------------------------+-------------+------------------------------------------+
; AUTO_CARRY_CHAINS       ; ON          ; AUTO_CARRY                               ;
; IGNORE_CARRY_BUFFERS    ; OFF         ; IGNORE_CARRY                             ;
; AUTO_CASCADE_CHAINS     ; ON          ; AUTO_CASCADE                             ;
; IGNORE_CASCADE_BUFFERS  ; OFF         ; IGNORE_CASCADE                           ;
; lpm_width               ; 8           ; Signed Integer                           ;
; LPM_NUMWORDS            ; 256         ; Signed Integer                           ;
; LPM_WIDTHU              ; 8           ; Signed Integer                           ;
; LPM_SHOWAHEAD           ; OFF         ; Untyped                                  ;
; UNDERFLOW_CHECKING      ; ON          ; Untyped                                  ;
; OVERFLOW_CHECKING       ; ON          ; Untyped                                  ;
; ALLOW_RWCYCLE_WHEN_FULL ; OFF         ; Untyped                                  ;
; ADD_RAM_OUTPUT_REGISTER ; OFF         ; Untyped                                  ;
; ALMOST_FULL_VALUE       ; 0           ; Untyped                                  ;
; ALMOST_EMPTY_VALUE      ; 0           ; Untyped                                  ;
; USE_EAB                 ; ON          ; Untyped                                  ;
; MAXIMIZE_SPEED          ; 5           ; Untyped                                  ;
; DEVICE_FAMILY           ; Cyclone III ; Untyped                                  ;
; OPTIMIZE_FOR_SPEED      ; 5           ; Untyped                                  ;
; CBXI_PARAMETER          ; scfifo_dl71 ; Untyped                                  ;
+-------------------------+-------------+------------------------------------------+
Note: In order to hide this table in the UI and the text report file, please set the "Show Parameter Settings in Synthesis Report" option in "Analysis and Synthesis Settings -> More Settings" to "Off".


+------------------------------------------------------------------+
; scfifo Parameter Settings by Entity Instance                     ;
+----------------------------+-------------------------------------+
; Name                       ; Value                               ;
+----------------------------+-------------------------------------+
; Number of entity instances ; 1                                   ;
; Entity Instance            ; FIFO2P:inst|scfifo:scfifo_component ;
;     -- FIFO Type           ; Single Clock                        ;
;     -- lpm_width           ; 8                                   ;
;     -- LPM_NUMWORDS        ; 256                                 ;
;     -- LPM_SHOWAHEAD       ; OFF                                 ;
;     -- USE_EAB             ; ON                                  ;
+----------------------------+-------------------------------------+


+-------------------------------+
; Elapsed Time Per Partition    ;
+----------------+--------------+
; Partition Name ; Elapsed Time ;
+----------------+--------------+
; Top            ; 00:00:00     ;
+----------------+--------------+


+-------------------------------+
; Analysis & Synthesis Messages ;
+-------------------------------+
Info: *******************************************************************
Info: Running Quartus II 64-Bit Analysis & Synthesis
    Info: Version 13.1.0 Build 162 10/23/2013 SJ Full Version
    Info: Processing started: Thu Nov 29 10:30:54 2018
Info: Command: quartus_map --read_settings_files=on --write_settings_files=off RAMROM -c RAMROM
Warning (125092): Tcl Script File FIFO.qip not found
    Info (125063): set_global_assignment -name QIP_FILE FIFO.qip
Info (20030): Parallel compilation is enabled and will use 4 of the 4 processors detected
Info (12021): Found 2 design units, including 1 entities, in source file rom1p.vhd
    Info (12022): Found design unit 1: rom1p-SYN
    Info (12023): Found entity 1: ROM1P
Info (12021): Found 1 design units, including 1 entities, in source file rom.bdf
    Info (12023): Found entity 1: ROM
Info (12021): Found 1 design units, including 1 entities, in source file ram.bdf
    Info (12023): Found entity 1: RAM
Info (12021): Found 2 design units, including 1 entities, in source file ram1p.vhd
    Info (12022): Found design unit 1: ram1p-SYN
    Info (12023): Found entity 1: RAM1P
Info (12021): Found 1 design units, including 1 entities, in source file fifo.bdf
    Info (12023): Found entity 1: FIFO
Info (12021): Found 2 design units, including 1 entities, in source file fifo2p.vhd
    Info (12022): Found design unit 1: fifo2p-SYN
    Info (12023): Found entity 1: FIFO2P
Info (12127): Elaborating entity "FIFO" for the top level hierarchy
Info (12128): Elaborating entity "FIFO2P" for hierarchy "FIFO2P:inst"
Info (12128): Elaborating entity "scfifo" for hierarchy "FIFO2P:inst|scfifo:scfifo_component"
Info (12130): Elaborated megafunction instantiation "FIFO2P:inst|scfifo:scfifo_component"
Info (12133): Instantiated megafunction "FIFO2P:inst|scfifo:scfifo_component" with the following parameter:
    Info (12134): Parameter "add_ram_output_register" = "OFF"
    Info (12134): Parameter "intended_device_family" = "Cyclone III"
    Info (12134): Parameter "lpm_hint" = "RAM_BLOCK_TYPE=M9K"
    Info (12134): Parameter "lpm_numwords" = "256"
    Info (12134): Parameter "lpm_showahead" = "OFF"
    Info (12134): Parameter "lpm_type" = "scfifo"
    Info (12134): Parameter "lpm_width" = "8"
    Info (12134): Parameter "lpm_widthu" = "8"
    Info (12134): Parameter "overflow_checking" = "ON"
    Info (12134): Parameter "underflow_checking" = "ON"
    Info (12134): Parameter "use_eab" = "ON"
Info (12021): Found 1 design units, including 1 entities, in source file db/scfifo_dl71.tdf
    Info (12023): Found entity 1: scfifo_dl71
Info (12128): Elaborating entity "scfifo_dl71" for hierarchy "FIFO2P:inst|scfifo:scfifo_component|scfifo_dl71:auto_generated"
Info (12021): Found 1 design units, including 1 entities, in source file db/a_dpfifo_kr71.tdf
    Info (12023): Found entity 1: a_dpfifo_kr71
Info (12128): Elaborating entity "a_dpfifo_kr71" for hierarchy "FIFO2P:inst|scfifo:scfifo_component|scfifo_dl71:auto_generated|a_dpfifo_kr71:dpfifo"
Info (12021): Found 1 design units, including 1 entities, in source file db/a_fefifo_08f.tdf
    Info (12023): Found entity 1: a_fefifo_08f
Info (12128): Elaborating entity "a_fefifo_08f" for hierarchy "FIFO2P:inst|scfifo:scfifo_component|scfifo_dl71:auto_generated|a_dpfifo_kr71:dpfifo|a_fefifo_08f:fifo_state"
Info (12021): Found 1 design units, including 1 entities, in source file db/cntr_6n7.tdf
    Info (12023): Found entity 1: cntr_6n7
Info (12128): Elaborating entity "cntr_6n7" for hierarchy "FIFO2P:inst|scfifo:scfifo_component|scfifo_dl71:auto_generated|a_dpfifo_kr71:dpfifo|a_fefifo_08f:fifo_state|cntr_6n7:count_usedw"
Info (12021): Found 1 design units, including 1 entities, in source file db/dpram_4p51.tdf
    Info (12023): Found entity 1: dpram_4p51
Info (12128): Elaborating entity "dpram_4p51" for hierarchy "FIFO2P:inst|scfifo:scfifo_component|scfifo_dl71:auto_generated|a_dpfifo_kr71:dpfifo|dpram_4p51:FIFOram"
Info (12021): Found 1 design units, including 1 entities, in source file db/altsyncram_erl1.tdf
    Info (12023): Found entity 1: altsyncram_erl1
Info (12128): Elaborating entity "altsyncram_erl1" for hierarchy "FIFO2P:inst|scfifo:scfifo_component|scfifo_dl71:auto_generated|a_dpfifo_kr71:dpfifo|dpram_4p51:FIFOram|altsyncram_erl1:altsyncram1"
Info (12021): Found 1 design units, including 1 entities, in source file db/cntr_qmb.tdf
    Info (12023): Found entity 1: cntr_qmb
Info (12128): Elaborating entity "cntr_qmb" for hierarchy "FIFO2P:inst|scfifo:scfifo_component|scfifo_dl71:auto_generated|a_dpfifo_kr71:dpfifo|cntr_qmb:rd_ptr_count"
Info (286030): Timing-Driven Synthesis is running
Info (16010): Generating hard_block partition "hard_block:auto_generated_inst"
    Info (16011): Adding 0 node(s), including 0 DDIO, 0 PLL, 0 transceiver and 0 LCELL
Info (21057): Implemented 70 device resources after synthesis - the final resource count might be different
    Info (21058): Implemented 11 input pins
    Info (21059): Implemented 16 output pins
    Info (21061): Implemented 35 logic cells
    Info (21064): Implemented 8 RAM segments
Info: Quartus II 64-Bit Analysis & Synthesis was successful. 0 errors, 1 warning
    Info: Peak virtual memory: 624 megabytes
    Info: Processing ended: Thu Nov 29 10:30:55 2018
    Info: Elapsed time: 00:00:01
    Info: Total CPU time (on all processors): 00:00:02


